<?xml version="1.0" encoding="UTF-8"?>
<!-- Generated by org.testng.reporters.JUnitReportReporter -->
<testsuite hostname="IN-PG0342V7" failures="0" tests="3" name="utilities.ExtentTestReports" time="19.140" errors="0" timestamp="2024-12-19T13:49:56 IST" skipped="0">
  <testcase classname="utilities.ExtentTestReports" name="LoginTestWithValidCredentials" time="5.229"/>
  <system-out/>
  <testcase classname="utilities.ExtentTestReports" name="Orderplacement" time="9.672"/>
  <system-out/>
  <testcase classname="utilities.ExtentTestReports" name="captureScreenshot" time="4.239"/>
  <system-out/>
</testsuite> <!-- utilities.ExtentTestReports -->
