<?xml version="1.0" encoding="UTF-8"?>
<!-- Generated by org.testng.reporters.JUnitReportReporter -->
<testsuite hostname="IN-PG0342V7" failures="0" tests="4" name="Tests.TestDataFile" time="0.030" errors="0" timestamp="2024-12-18T11:35:41 IST" skipped="0">
  <testcase classname="Tests.TestDataFile" name="LoginTestWithValidCredentials" time="0.021"/>
  <system-out/>
  <testcase classname="Tests.TestDataFile" name="LoginTestWithValidCredentials" time="0.002"/>
  <system-out/>
  <testcase classname="Tests.TestDataFile" name="LoginTestWithValidCredentials" time="0.004"/>
  <system-out/>
  <testcase classname="Tests.TestDataFile" name="LoginTestWithValidCredentials" time="0.003"/>
  <system-out/>
</testsuite> <!-- Tests.TestDataFile -->
